==== Área geral: 00 Programas básicos
---- Área específica: 001 Programas básicos
++++ Área detalhada: 0011 Programas básicos
0011A01 ABI Educação
0011A02 ABI Artes e humanidades
0011A03 ABI Ciências sociais, jornalismo e informação
0011A04 ABI Negócios, administração e direito
0011A05 ABI Ciências naturais, matemática e estatística
0011A06 ABI Tecnologias da Informação e Comunicação (TIC)
0011A07 ABI Engenharia, produção e construção
0011A08 ABI Agricultura, silvicultura, pesca e veterinária
0011A09 ABI Saúde e bem-estar
0011A10 ABI Serviços
==== Área geral: 01 Educação
---- Área específica: 011 Educação
++++ Área detalhada: 0111 Ciência da educação
0111C01 Ciência da educação
0111E01 Educação em espaços não escolares
0111P01 Processos escolares
0111P02 Psicopedagogia
++++ Área detalhada: 0112 Formação de professores de educação infantil
0112E01 Educação infantil formação de professor
++++ Área detalhada: 0113 Formação de professores sem áreas específicas
0113E01 Educação do campo formação de professor
0113E02 Educação especial formação de professor
0113E03 Educação indígena formação de professor
0113F01 Formação pedagógica de professor para a educação básica
0113P01 Pedagogia
++++ Área detalhada: 0114 Formação de professores em áreas específicas (exceto Letras)
0114A01 Artes formação de professor
0114A02 Artes visuais formação de professor
0114B01 Biologia formação de professor
0114C01 Ciências agrárias formação de professor
0114C02 Ciências naturais formação de professor
0114C03 Ciências sociais formação de professor
0114C04 Cinema e audiovisual formação de professor
0114C05 Computação formação de professor
0114D01 Dança formação de professor
0114E01 Economia doméstica formação de professor
0114E02 Educação do campo em áreas de conhecimento da educação básica formação de professor
0114E03 Educação física formação de professor
0114E04 Educação indígena em áreas de conhecimento da educação básica formação de professor
0114E05 Enfermagem formação de professor
0114E06 Ensino profissionalizante em área específica formação de professor
0114E07 Ensino religioso formação de professor
0114E08 Estatística formação de professor
0114F01 Filosofia formação de professor
0114F02 Física formação de professor
0114G01 Geografia formação de professor
0114H01 História formação de professor
0114M01 Matemática formação de professor
0114M02 Música formação de professor
0114P01 Psicologia formação de professor
0114Q01 Química formação de professor
0114T01 Teatro formação de professor
++++ Área detalhada: 0115 Formação de professores de letras
0115L01 Letras espanhol formação de professor
0115L02 Letras francês formação de professor
0115L03 Letras inglês formação de professor
0115L04 Letras língua brasileira de sinais formação de professor
0115L05 Letras línguas estrangeiras clássicas formação de professor
0115L06 Letras outras línguas estrangeiras modernas formação de professor
0115L07 Letras português espanhol formação de professor
0115L08 Letras português formação de professor
0115L09 Letras português francês formação de professor
0115L10 Letras português inglês formação de professor
0115L11 Letras português língua brasileira de sinais formação de professor
0115L12 Letras português línguas estrangeiras clássicas formação de professor
0115L13 Letras português outras línguas estrangeiras modernas formação de professor
0115L14 Letras tradutor e intérprete formação de professor
---- Área específica: 018 Programas interdisciplinares abrangendo educação
++++ Área detalhada: 0188 Programas interdisciplinares abrangendo educação
0188P01 Programas interdisciplinares abrangendo educação
==== Área geral: 02 Artes e humanidades
---- Área específica: 021 Artes
++++ Área detalhada: 0211 Técnicas audiovisuais, produção de mídia e produção cultural
0211A01 Animação
0211C01 Cinema e audiovisual
0211C02 Comunicação assistiva
0211D01 Design gráfico
0211F01 Fotografia
0211P01 Produção cênica
0211P02 Produção cultural
0211P03 Produção fonográfica
0211P04 Produção multimídia
++++ Área detalhada: 0212 Moda, design de interiores e desenho industrial
0212D01 Desenho industrial
0212D02 Design
0212D03 Design de interiores
0212D04 Design de produto
0212M01 Moda
++++ Área detalhada: 0213 Belas artes
0213A01 Artes
0213A02 Artes plásticas
0213A03 Artes visuais
0213E01 Escultura
0213G01 Gravura artística
0213H01 História da arte
++++ Área detalhada: 0214 Artesanato
0214C01 Conservação e restauro
0214F01 Fabricação de instrumentos musicais não industrial
++++ Área detalhada: 0215 Música e artes cênicas
0215A01 Artes cênicas
0215C01 Cenografia
0215D01 Dança
0215M01 Música
0215T01 Teatro
---- Área específica: 022 Humanidades (exceto línguas)
++++ Área detalhada: 0221 Religião e teologia
0221C01 Ciências da religião
0221T01 Teologia
++++ Área detalhada: 0222 História e arqueologia
0222A01 Arqueologia
0222H01 História
0222M01 Museologia
++++ Área detalhada: 0223 Filosofia e ética
0223F01 Filosofia
---- Área específica: 023 Línguas 
++++ Área detalhada: 0231 Letras
0231L01 Letras escrita criativa
0231L02 Letras espanhol
0231L03 Letras francês
0231L04 Letras inglês
0231L05 Letras língua brasileira de sinais
0231L06 Letras línguas estrangeiras clássicas
0231L07 Letras outras línguas estrangeiras modernas
0231L08 Letras português
0231L09 Letras português espanhol
0231L10 Letras português francês
0231L11 Letras português inglês
0231L12 Letras português língua brasileira de sinais
0231L13 Letras português línguas estrangeiras clássicas
0231L14 Letras português outras línguas estrangeiras modernas
0231L15 Letras tradutor e intérprete
---- Área específica: 028 Programas interdisciplinares abrangendo artes e humanidades
++++ Área detalhada: 0288 Programas interdisciplinares abrangendo artes e humanidades
0288P01 Programas interdisciplinares abrangendo artes e humanidades
==== Área geral: 03 Ciências sociais, jornalismo e informação
---- Área específica: 031 Ciências sociais e comportamentais
++++ Área detalhada: 0311 Economia
0311E01 Economia
++++ Área detalhada: 0312 Ciências sociais e políticas
0312A01 Antropologia
0312C01 Ciência política
0312C02 Ciências sociais
0312G01 Geografia
0312R01 Relações internacionais
0312S01 Sociologia
++++ Área detalhada: 0313 Psicologia
0313P01 Psicologia
---- Área específica: 032 Jornalismo e informação 
++++ Área detalhada: 0321 Jornalismo e reportagem
0321A01 Audiovisual
0321C01 Comunicação social
0321J01 Jornalismo
0321P01 Produção editorial
0321R01 Radialismo
++++ Área detalhada: 0322 Biblioteconomia, informação e estudos arquivísticos
0322A01 Arquivologia
0322B01 Biblioteconomia
0322G01 Gestão da informação
---- Área específica: 038 Programas interdisciplinares abrangendo ciências sociais, jornalismo e informação
++++ Área detalhada: 0388 Programas interdisciplinares abrangendo ciências sociais, jornalismo e informação
0388P01 Programas interdisciplinares abrangendo ciências sociais, jornalismo e informação
==== Área geral: 04 Negócios, administração e direito
---- Área específica: 041 Negócios e administração
++++ Área detalhada: 0411 Contabilidade e tributação
0411C01 Contabilidade
++++ Área detalhada: 0412 Finanças, bancos e seguros
0412G01 Gestão financeira
0412S01 Seguros
++++ Área detalhada: 0413 Gestão e administração
0413A01 Administração
0413A02 Administração pública
0413C01 Comércio exterior
0413E01 Empreendedorismo
0413G01 Gestão da produção
0413G02 Gestão da qualidade
0413G03 Gestão da saúde
0413G04 Gestão de cooperativas
0413G05 Gestão de negócios
0413G06 Gestão de negócios internacionais
0413G07 Gestão de pessoas
0413G08 Gestão de serviços
0413G09 Gestão estratégica
0413G10 Gestão hospitalar
0413L01 Logística
++++ Área detalhada: 0414 Marketing e propaganda
0414M01 Marketing
0414P01 Publicidade e propaganda
0414R01 Relações públicas
++++ Área detalhada: 0415 Secretariado e trabalhos de escritório
0415S01 Secretariado
++++ Área detalhada: 0416 Gestão comercial
0416G01 Gestão comercial
0416N01 Negócios imobiliários
---- Área específica: 042 Direito
++++ Área detalhada: 0421 Direito
0421D01 Direito
---- Área específica: 048 Programas interdisciplinares abrangendo negócios, administração e direito
++++ Área detalhada: 0488 Programas interdisciplinares abrangendo negócios, administração e direito
0488P01 Programas interdisciplinares abrangendo negócios, administração e direito
==== Área geral: 05 Ciências naturais, matemática e estatística
---- Área específica: 051 Ciências biológicas e correlatas
++++ Área detalhada: 0511 Biologia
0511B01 Biologia
++++ Área detalhada: 0512 Bioquímica
0512B01 Bioquímica
0512B02 Biotecnologia
0512T01 Toxicologia
---- Área específica: 052 Meio ambiente
++++ Área detalhada: 0521 Ciências ambientais
0521C01 Ciências ambientais
0521E01 Ecologia
---- Área específica: 053 Ciências físicas
++++ Área detalhada: 0531 Química
0531Q01 Química
0531Q02 Química industrial e tecnológica
++++ Área detalhada: 0532 Ciências da terra
0532G01 Geofísica
0532G02 Geologia
0532G03 Geoprocessamento
0532M01 Meteorologia
0532O01 Oceanografia
++++ Área detalhada: 0533 Física
0533A01 Astronomia
0533F01 Física
0533F02 Física aplicada
0533F03 Física médica
---- Área específica: 054 Matemática e estatística
++++ Área detalhada: 0541 Matemática
0541M01 Matemática
0541M02 Matemática aplicada e computacional
++++ Área detalhada: 0542 Estatística
0542C01 Ciências atuariais
0542E01 Estatística
---- Área específica: 058 Programas interdisciplinares abrangendo ciências naturais, matemática e estatística
++++ Área detalhada: 0588 Programas interdisciplinares abrangendo ciências naturais, matemática e estatística
0588P01 Programas interdisciplinares abrangendo ciências naturais, matemática e estatística
==== Área geral: 06 Tecnologias da Informação e Comunicação (TIC)
---- Área específica: 061 Tecnologias da Informação e Comunicação (TIC)
++++ Área detalhada: 0612 Infraestrutura e gestão de TIC
0612B01 Banco de dados
0612D01 Defesa cibernética
0612G01 Gestão da tecnologia da informação
0612R01 Redes de computadores
++++ Área detalhada: 0613 Produção de software
0613E01 Engenharia de software
0613J01 Jogos digitais
++++ Área detalhada: 0614 Ciência da computação
0614C01 Ciência da computação
++++ Área detalhada: 0615 Sistemas de informação
0615S01 Segurança da informação
0615S02 Sistemas de informação
0615S03 Sistemas para internet
++++ Área detalhada: 0616 Engenharia de computação
0616E01 Engenharia de computação (DCN Computação)
0616S01 Sistemas embarcados
---- Área específica: 068 Programas interdisciplinares abrangendo Tecnologias da Informação e Comunicação (TIC)
++++ Área detalhada: 0688 Programas interdisciplinares abrangendo Tecnologias da Informação e Comunicação (TIC)
0688P01 Programas interdisciplinares abrangendo Tecnologias da Informação e Comunicação (TIC)
==== Área geral: 07 Engenharia, produção e construção
---- Área específica: 071 Engenharia e profissões correlatas
++++ Área detalhada: 0710 Engenharia e profissões correlatas sem definição precisa
0710E01 Engenharia
++++ Área detalhada: 0711 Engenharia química e de processos
0711B01 Biocombustíveis
0711E01 Engenharia bioquímica
0711E02 Engenharia de bioprocessos
0711E03 Engenharia de biossistemas
0711E04 Engenharia de biotecnologia
0711E05 Engenharia de nanotecnologia
0711E06 Engenharia química
++++ Área detalhada: 0712 Tecnologia de proteção ambiental
0712E01 Engenharia ambiental e sanitária
0712E02 Engenharia de recursos hídricos
0712G01 Gestão ambiental
0712G02 Gestão de recursos hídricos
0712G03 Gestão de resíduos sólidos
0712S01 Saneamento ambiental
++++ Área detalhada: 0713 Eletricidade e energia
0713E01 Eletrotécnica industrial
0713E02 Energias renováveis
0713E03 Engenharia bioenergética
0713E04 Engenharia de energia
0713E05 Engenharia elétrica
0713E06 Engenharia nuclear
0713R01 Refrigeração e climatização
0713S01 Sistemas elétricos
++++ Área detalhada: 0714 Eletrônica e automação
0714A01 Automação industrial
0714E01 Eletrônica industrial
0714E02 Engenharia acústica
0714E03 Engenharia biomédica
0714E04 Engenharia de computação (DCN Engenharia)
0714E05 Engenharia de controle e automação
0714E06 Engenharia de telecomunicações
0714E07 Engenharia eletrônica
0714E08 Engenharia mecatrônica
0714G01 Gestão de telecomunicações
0714M01 Mecatrônica industrial
0714R01 Redes de telecomunicações
0714S01 Sistemas biomédicos
0714S02 Sistemas de telecomunicações
0714T01 Telemática
++++ Área detalhada: 0715 Engenharia mecânica e metalurgia
0715E01 Engenharia física
0715E02 Engenharia mecânica
0715E03 Engenharia metalúrgica
0715F01 Fabricação mecânica
0715M01 Manutenção industrial
0715M02 Mecânica de precisão
0715P01 Processos metalúrgicos
0715S01 Soldagem
++++ Área detalhada: 0716 Veículos a motor, construção naval, aeronáutica, ferroviária e metroviária
0716A01 Aeroespacial
0716C01 Construção naval
0716E01 Engenharia aeroespacial
0716E02 Engenharia aeronáutica
0716E03 Engenharia automotiva
0716E04 Engenharia de infraestrutura
0716E05 Engenharia de transportes
0716E06 Engenharia ferroviária e metroviária
0716E07 Engenharia naval
0716M01 Manutenção de aeronaves
0716S01 Sistemas automotivos
0716S02 Sistemas de navegação fluvial
---- Área específica: 072 Produção e processamento
++++ Área detalhada: 0721 Processamento de alimentos
0721A01 Alimentos
0721E01 Engenharia de alimentos
0721L01 Laticínios
0721P01 Processamento de carnes
0721P02 Produção de cachaça
0721P03 Produção sucroalcooleira
++++ Área detalhada: 0722 Materiais
0722C01 Cerâmica
0722C02 Ciências dos materiais
0722E01 Engenharia cerâmica
0722E02 Engenharia de materiais
0722P01 Papel e celulose
0722P02 Polímeros
0722P03 Produção joalheira
0722P04 Produção moveleira
++++ Área detalhada: 0723 Têxteis (vestuário, calçados e couro)
0723E01 Engenharia têxtil
0723P01 Produção de vestuário
0723P02 Produção têxtil
++++ Área detalhada: 0724 Mineração e extração
0724E01 Engenharia de minas
0724E02 Engenharia de petróleo
0724E03 Engenharia geológica
0724M01 Mineração
0724P01 Petróleo e gás
0724R01 Rochas ornamentais
++++ Área detalhada: 0725 Produção e processos de fabricação
0725E01 Engenharia de manufatura
0725E02 Engenharia de produção
0725E03 Engenharia industrial
0725P01 Produção gráfica
0725P02 Produção industrial
---- Área específica: 073 Arquitetura e construção
++++ Área detalhada: 0731 Arquitetura e urbanismo
0731A01 Arquitetura e urbanismo
++++ Área detalhada: 0732 Engenharia civil e construção
0732A01 Agrimensura
0732C01 Construção de edifícios
0732C02 Controle de obras
0732E01 Engenharia cartográfica
0732E02 Engenharia civil
0732E03 Engenharia de agrimensura
0732E04 Engenharia portuária
0732E05 Estradas
0732M01 Material de construção
---- Área específica: 078 Programas interdisciplinares abrangendo engenharia, produção e construção
++++ Área detalhada: 0788 Programas interdisciplinares abrangendo engenharia, produção e construção
0788P01 Programas interdisciplinares abrangendo engenharia, produção e construção
==== Área geral: 08 Agricultura, silvicultura, pesca e veterinária
---- Área específica: 081 Agricultura
++++ Área detalhada: 0811 Produção agrícola e pecuária
0811A01 Agroecologia
0811A02 Agroindústria
0811A03 Agronegócio
0811A04 Agronomia
0811A05 Agropecuária
0811C01 Cafeicultura
0811E01 Engenharia agrícola
0811F01 Fruticultura
0811I01 Irrigação e drenagem
0811M01 Manejo da produção agrícola
0811V01 Viticultura e enologia
0811Z01 Zootecnia
++++ Área detalhada: 0812 Horticultura
0812H01 Horticultura
---- Área específica: 082 Silvicultura
++++ Área detalhada: 0821 Silvicultura
0821E01 Engenharia florestal
0821S01 Silvicultura
---- Área específica: 083 Pesca
++++ Área detalhada: 0831 Pesca
0831A01 Aquicultura
0831E01 Engenharia de pesca
0831P01 Produção pesqueira
---- Área específica: 084 Veterinária
++++ Área detalhada: 0841 Veterinária
0841M01 Medicina veterinária
---- Área específica: 088 Programas interdisciplinares abrangendo agricultura, silvicultura, pesca e veterinária
++++ Área detalhada: 0888 Programas interdisciplinares abrangendo agricultura, silvicultura, pesca e veterinária
0888P01 Programas interdisciplinares abrangendo agricultura, silvicultura, pesca e veterinária
==== Área geral: 09 Saúde e bem-estar
---- Área específica: 091 Saúde
++++ Área detalhada: 0911 Odontologia
0911O01 Odontologia
++++ Área detalhada: 0912 Medicina
0912M01 Medicina
++++ Área detalhada: 0913 Enfermagem e obstetrícia
0913E01 Enfermagem
++++ Área detalhada: 0914 Tecnologia de diagnóstico e tratamento médico
0914B01 Biomedicina
0914O01 Oftálmica
0914O02 Optometria
0914P01 Prótese e órtese
0914R01 Radiologia
++++ Área detalhada: 0915 Prevenção, terapia e reabilitação
0915E01 Educação física
0915F01 Fisioterapia
0915F02 Fonoaudiologia
0915N01 Nutrição
0915T01 Terapia ocupacional
++++ Área detalhada: 0916 Farmácia
0916F01 Farmácia
++++ Área detalhada: 0917 Medicina e terapia tradicional e complementar
0917P01 Práticas integrativas
++++ Área detalhada: 0918 Saúde pública e saúde coletiva
0918S01 Saúde coletiva
0918S02 Saúde pública
---- Área específica: 092 Bem-estar
++++ Área detalhada: 0921 Assistência a idosos e a deficientes
0921A01 Assistência a idosos e a deficientes
++++ Área detalhada: 0923 Serviço social
0923S01 Serviço social
---- Área específica: 098 Programas interdisciplinares abrangendo saúde e bem-estar
++++ Área detalhada: 0988 Programas interdisciplinares abrangendo saúde e bem-estar
0988P01 Programas interdisciplinares abrangendo saúde e bem-estar
==== Área geral: 10 Serviços
---- Área específica: 101 Serviços pessoais
++++ Área detalhada: 1011 Serviços domésticos
1011E01 Economia doméstica
++++ Área detalhada: 1012 Serviços de beleza
1012E01 Estética e cosmética
++++ Área detalhada: 1013 Serviços de alimentação
1013G01 Gastronomia
++++ Área detalhada: 1014 Esportes e lazer
1014F01 Formação de técnicos e treinadores esportivos
1014G01 Gestão desportiva e de lazer
++++ Área detalhada: 1015 Turismo e hotelaria
1015E01 Eventos
1015H01 Hotelaria
1015T01 Turismo
---- Área específica: 102 Higiene e serviços de saúde ocupacional
++++ Área detalhada: 1022 Saúde e segurança no trabalho
1022S01 Segurança no trabalho
---- Área específica: 103 Serviços de segurança
++++ Área detalhada: 1031 Setor militar e de defesa
1031C01 Ciências militares
++++ Área detalhada: 1032 Proteção de pessoas e de propriedades
1032I01 Investigação e perícia
1032S01 Segurança no trânsito
1032S02 Segurança privada
1032S03 Segurança pública
1032S04 Serviços penais
---- Área específica: 104 Serviços de transporte
++++ Área detalhada: 1041 Serviços de transporte
1041C01 Ciências aeronáuticas
1041G01 Gestão portuária
1041T01 Transporte aéreo
1041T02 Transporte terrestre
---- Área específica: 108 Programas interdisciplinares abrangendo serviços
++++ Área detalhada: 1088 Programas interdisciplinares abrangendo serviços
1088P01 Programas interdisciplinares abrangendo serviços
